NOTE: Picked up JDK_JAVA_OPTIONS:  --add-opens=java.base/java.lang=ALL-UNNAMED --add-opens=java.base/java.io=ALL-UNNAMED --add-opens=java.rmi/sun.rmi.transport=ALL-UNNAMED
Error: Could not find or load main class org.apache.catalina.startup.Bootstrap
Caused by: java.lang.ClassNotFoundException: org.apache.catalina.startup.Bootstrap
NOTE: Picked up JDK_JAVA_OPTIONS:  --add-opens=java.base/java.lang=ALL-UNNAMED --add-opens=java.base/java.io=ALL-UNNAMED --add-opens=java.rmi/sun.rmi.transport=ALL-UNNAMED
Error: Could not find or load main class org.apache.catalina.startup.Bootstrap
Caused by: java.lang.ClassNotFoundException: org.apache.catalina.startup.Bootstrap
NOTE: Picked up JDK_JAVA_OPTIONS:  --add-opens=java.base/java.lang=ALL-UNNAMED --add-opens=java.base/java.io=ALL-UNNAMED --add-opens=java.rmi/sun.rmi.transport=ALL-UNNAMED
Error: Could not find or load main class org.apache.catalina.startup.Bootstrap
Caused by: java.lang.ClassNotFoundException: org.apache.catalina.startup.Bootstrap
NOTE: Picked up JDK_JAVA_OPTIONS:  --add-opens=java.base/java.lang=ALL-UNNAMED --add-opens=java.base/java.io=ALL-UNNAMED --add-opens=java.rmi/sun.rmi.transport=ALL-UNNAMED
Error: Could not find or load main class org.apache.catalina.startup.Bootstrap
Caused by: java.lang.ClassNotFoundException: org.apache.catalina.startup.Bootstrap
NOTE: Picked up JDK_JAVA_OPTIONS:  --add-opens=java.base/java.lang=ALL-UNNAMED --add-opens=java.base/java.io=ALL-UNNAMED --add-opens=java.rmi/sun.rmi.transport=ALL-UNNAMED
Exception in thread "main" java.lang.NoClassDefFoundError: org/apache/juli/logging/LogFactory
	at org.apache.catalina.startup.Bootstrap.<clinit>(Bootstrap.java:51)
Caused by: java.lang.ClassNotFoundException: org.apache.juli.logging.LogFactory
	at java.base/jdk.internal.loader.BuiltinClassLoader.loadClass(BuiltinClassLoader.java:602)
	at java.base/jdk.internal.loader.ClassLoaders$AppClassLoader.loadClass(ClassLoaders.java:178)
	at java.base/java.lang.ClassLoader.loadClass(ClassLoader.java:521)
	... 1 more
